<?xml version="1.0" encoding="UTF-8"?>
<!-- Generated by org.testng.reporters.JUnitReportReporter -->
<testsuite hostname="TYSS-4F-048" name="scripts.LoginTest" tests="1" failures="0" timestamp="4 Apr 2018 12:32:28 GMT" time="25.938" errors="0">
  <testcase name="logging" time="25.938" classname="scripts.LoginTest"/>
</testsuite> <!-- scripts.LoginTest -->
